<?xml version="1.0" encoding="UTF-8"?>
<testng-results skipped="0" failed="0" ignored="0" total="2" passed="2">
  <reporter-output>
  </reporter-output>
  <suite name="Default suite" duration-ms="150" started-at="2021-11-04T21:24:25 EDT" finished-at="2021-11-04T21:24:25 EDT">
    <groups>
    </groups>
    <test name="Default test" duration-ms="150" started-at="2021-11-04T21:24:25 EDT" finished-at="2021-11-04T21:24:25 EDT">
      <class name="TestNGConcepts.TC001_DisplayMessages">
        <test-method status="PASS" signature="displayMessage()[pri:0, instance:TestNGConcepts.TC001_DisplayMessages@51cdd8a]" name="displayMessage" duration-ms="20" started-at="2021-11-04T21:24:25 EDT" finished-at="2021-11-04T21:24:25 EDT">
          <reporter-output>
          </reporter-output>
        </test-method> <!-- displayMessage -->
        <test-method status="PASS" signature="displayName()[pri:0, instance:TestNGConcepts.TC001_DisplayMessages@51cdd8a]" name="displayName" duration-ms="2" started-at="2021-11-04T21:24:25 EDT" finished-at="2021-11-04T21:24:25 EDT">
          <reporter-output>
          </reporter-output>
        </test-method> <!-- displayName -->
      </class> <!-- TestNGConcepts.TC001_DisplayMessages -->
    </test> <!-- Default test -->
  </suite> <!-- Default suite -->
</testng-results>
